This file contains any messages produced by compilers while
running configure, to aid debugging if configure makes a mistake.

configure:538: checking for gcc
configure:651: checking whether the C compiler (gcc  ) works
configure:667: gcc -o conftest    conftest.c  1>&5
configure:664:1: warning: return type defaults to 'int' [-Wimplicit-int]
 main(){return(0);}
 ^
configure:693: checking whether the C compiler (gcc  ) is a cross-compiler
configure:698: checking whether we are using GNU C
configure:726: checking whether gcc accepts -g
configure:758: checking how to run the C preprocessor
configure:838: checking for AIX
configure:892: checking for a BSD compatible install
configure:949: checking for getusershell in -lc
configure:997: checking for inet_ntoa in -lc
configure:1084: checking for socket in -lsocket
configure:1128: checking for connect in -lsocket
configure:1174: checking for crypt in -lcrypt
configure:1223: checking for dirent.h that defines DIR
configure:1261: checking for opendir in -ldir
configure:1347: checking for paths.h
configure:1387: checking for netinet/in.h
configure:1427: checking for sys/time.h
configure:1467: checking for time.h
configure:1507: checking for sys/types.h
configure:1547: checking for sys/stat.h
configure:1587: checking for sys/socket.h
configure:1627: checking for asm/socket.h
configure:1667: checking for wait.h
configure:1707: checking for sys/wait.h
configure:1747: checking for shadow.h
configure:1787: checking for arpa/inet.h
configure:1827: checking for syslog.h
configure:1867: checking for crypt.h
configure:1907: checking for utmp.h
configure:1947: checking for sys/sendfile.h
configure:1990: checking whether to enable pam
configure:2059: checking whether to enable libz
configure:2154: checking whether to enable debug
